Watching for changes in /Users/bryanchasko/Code/bryan-chasko-com/hugoBryanChaskoWebsite/{archetypes,content,layouts,themes}
Watching for config changes in /Users/bryanchasko/Code/bryan-chasko-com/hugoBryanChaskoWebsite/hugo.toml
Start building sites … 
hugo v0.152.2+extended+withdeploy darwin/amd64 BuildDate=2025-10-24T15:31:49Z VendorInfo=brew

WARN  Raw HTML omitted while rendering "/"; see https://gohugo.io/getting-started/configuration-markup/#rendererunsafe
You can suppress this warning by adding the following to your site configuration:
ignoreLogs = ['warning-goldmark-raw-html']

                  │ EN 
──────────────────┼────
 Pages            │ 82 
 Paginator pages  │  0 
 Non-page files   │  0 
 Static files     │  0 
 Processed images │  0 
 Aliases          │  7 
 Cleaned          │  0 

Built in 125 ms
Environment: "development"
Serving pages from disk
Running in Fast Render Mode. For full rebuilds on change: hugo server --disableFastRender
Web Server is available at http://localhost:1313/ (bind address 127.0.0.1) 
Press Ctrl+C to stop

Change detected, rebuilding site (#1).
2025-11-29 18:31:18.943 -0700
Source changed /cloudcroft-cloud-company/_index.md
Web Server is available at http://localhost:1313/ (bind address 127.0.0.1)
Total in 24 ms

Change detected, rebuilding site (#2).
2025-11-29 18:31:39.919 -0700
Source changed /cloudcroft-cloud-company/_index.md
Web Server is available at http://localhost:1313/ (bind address 127.0.0.1)
Total in 15 ms

Change detected, rebuilding site (#3).
2025-11-29 18:33:36.914 -0700
Source changed /cloudcroft-cloud-company/_index.md
Web Server is available at http://localhost:1313/ (bind address 127.0.0.1)
Total in 35 ms

Change detected, rebuilding site (#4).
2025-11-29 20:43:08.310 -0700
Source changed /help-services/_index.md
Web Server is available at http://localhost:1313/ (bind address 127.0.0.1)
Total in 23 ms

Change detected, rebuilding site (#5).
2025-11-29 20:44:52.311 -0700
Source changed /help-services/_index.md
Web Server is available at http://localhost:1313/ (bind address 127.0.0.1)
Total in 37 ms

Change detected, rebuilding site (#6).
2025-11-29 20:45:38.304 -0700
Source changed /help-services/_index.md
Web Server is available at http://localhost:1313/ (bind address 127.0.0.1)
Total in 32 ms
WARN  Raw HTML omitted while rendering "/"; see https://gohugo.io/getting-started/configuration-markup/#rendererunsafe
You can suppress this warning by adding the following to your site configuration:
ignoreLogs = ['warning-goldmark-raw-html']

Change detected, rebuilding site (#7).
2025-11-29 20:48:26.297 -0700
Source changed /cloudcroft-cloud-company/_index.md
WARN  Raw HTML omitted while rendering "/"; see https://gohugo.io/getting-started/configuration-markup/#rendererunsafe
You can suppress this warning by adding the following to your site configuration:
ignoreLogs = ['warning-goldmark-raw-html']
Web Server is available at http://localhost:1313/ (bind address 127.0.0.1)
Total in 36 ms

Change detected, rebuilding site (#8).
2025-11-29 20:48:51.296 -0700
Source changed /cloudcroft-cloud-company/_index.md
WARN  Raw HTML omitted while rendering "/"; see https://gohugo.io/getting-started/configuration-markup/#rendererunsafe
You can suppress this warning by adding the following to your site configuration:
ignoreLogs = ['warning-goldmark-raw-html']
Web Server is available at http://localhost:1313/ (bind address 127.0.0.1)
Total in 23 ms
